<?xml version="1.0" encoding="UTF-8"?>
<!-- Generated by org.testng.reporters.JUnitXMLReporter -->
<testsuite ignored="2" hostname="DESKTOP-SP8UJ8Q" failures="0" tests="2" name="Test" time="27.321" errors="0" timestamp="2022-05-14T08:33:34 IST">
  <testcase classname="script.InvalidLogin" name="testInvalidLogin" time="3.096"/>
  <testcase classname="script.ValidLogin" name="testValidLogin" time="3.886"/>
  <testcase classname="generic.BaseTest" name="@BeforeSuite initReport" time="0.0">
    <ignored/>
  </testcase> <!-- @BeforeSuite initReport -->
  <testcase classname="generic.BaseTest" name="@AfterSuite publishReport" time="0.0">
    <ignored/>
  </testcase> <!-- @AfterSuite publishReport -->
</testsuite> <!-- Test -->
